<?xml version="1.0" encoding="UTF-8"?>
<robot generator="Robot 3.2.1 (Python 3.8.2 on linux)" generated="20200620 08:26:14.130" rpa="false">
<suite id="s1" name="Suites">
<suite id="s1-s1" name="loginFaceBook" source="/home/inclub9/Documents/test/loginFaceBook.robot">
<test id="s1-s1-t1" name="open browser">
<kw name="Open Browser" library="SeleniumLibrary">
<doc>Opens a new browser instance to the optional ``url``.</doc>
<arguments>
<arg>https://www.google.com</arg>
<arg>chrome</arg>
</arguments>
<msg timestamp="20200620 08:26:14.303" level="INFO">Opening browser 'chrome' to base url 'https://www.google.com'.</msg>
<status status="PASS" starttime="20200620 08:26:14.302" endtime="20200620 08:26:16.916"></status>
</kw>
<status status="PASS" starttime="20200620 08:26:14.302" endtime="20200620 08:26:16.916" critical="yes"></status>
</test>
<test id="s1-s1-t2" name="Maximize Browser Window">
<kw name="Maximize Browser Window" library="SeleniumLibrary">
<doc>Maximizes current browser window.</doc>
<status status="PASS" starttime="20200620 08:26:16.918" endtime="20200620 08:26:17.033"></status>
</kw>
<status status="PASS" starttime="20200620 08:26:16.917" endtime="20200620 08:26:17.034" critical="yes"></status>
</test>
<test id="s1-s1-t3" name="search in google word facbook">
<kw name="Input Text" library="SeleniumLibrary">
<doc>Types the given ``text`` into the text field identified by ``locator``.</doc>
<arguments>
<arg>xpath://*[@id="tsf"]/div[2]/div[1]/div[1]/div/div[2]/input</arg>
<arg>facebook</arg>
</arguments>
<msg timestamp="20200620 08:26:17.037" level="INFO">Typing text 'facebook' into text field 'xpath://*[@id="tsf"]/div[2]/div[1]/div[1]/div/div[2]/input'.</msg>
<status status="PASS" starttime="20200620 08:26:17.036" endtime="20200620 08:26:17.244"></status>
</kw>
<kw name="Press Keys" library="SeleniumLibrary">
<doc>Simulates the user pressing key(s) to an element or on the active browser.</doc>
<arguments>
<arg>xpath://*[@id="tsf"]/div[2]/div[1]/div[1]/div/div[2]/input</arg>
<arg>ENTER</arg>
</arguments>
<msg timestamp="20200620 08:26:17.246" level="INFO">Sending key(s) ('ENTER',) to xpath://*[@id="tsf"]/div[2]/div[1]/div[1]/div/div[2]/input element.</msg>
<msg timestamp="20200620 08:26:17.290" level="INFO">Pressing special key ENTER to element.</msg>
<msg timestamp="20200620 08:26:17.290" level="INFO">Releasing special key ENTER.</msg>
<status status="PASS" starttime="20200620 08:26:17.245" endtime="20200620 08:26:18.662"></status>
</kw>
<status status="PASS" starttime="20200620 08:26:17.035" endtime="20200620 08:26:18.662" critical="yes"></status>
</test>
<test id="s1-s1-t4" name="visit in facebook.com page">
<kw name="Click Element" library="SeleniumLibrary">
<doc>Click the element identified by ``locator``.</doc>
<arguments>
<arg>tag:cite</arg>
</arguments>
<msg timestamp="20200620 08:26:18.666" level="INFO">Clicking element 'tag:cite'.</msg>
<status status="PASS" starttime="20200620 08:26:18.665" endtime="20200620 08:26:20.975"></status>
</kw>
<status status="PASS" starttime="20200620 08:26:18.663" endtime="20200620 08:26:20.976" critical="yes"></status>
</test>
<test id="s1-s1-t5" name="click buttom login enter username password and click login">
<kw name="Click Element" library="SeleniumLibrary">
<doc>Click the element identified by ``locator``.</doc>
<arguments>
<arg>tag:input</arg>
</arguments>
<msg timestamp="20200620 08:26:20.980" level="INFO">Clicking element 'tag:input'.</msg>
<status status="PASS" starttime="20200620 08:26:20.979" endtime="20200620 08:26:21.545"></status>
</kw>
<kw name="Input Text" library="SeleniumLibrary">
<doc>Types the given ``text`` into the text field identified by ``locator``.</doc>
<arguments>
<arg>email</arg>
<arg>0955915150</arg>
</arguments>
<msg timestamp="20200620 08:26:21.545" level="INFO">Typing text '0955915150' into text field 'email'.</msg>
<status status="PASS" starttime="20200620 08:26:21.545" endtime="20200620 08:26:21.735"></status>
</kw>
<kw name="Input Text" library="SeleniumLibrary">
<doc>Types the given ``text`` into the text field identified by ``locator``.</doc>
<arguments>
<arg>pass</arg>
<arg>nam190343nam</arg>
</arguments>
<msg timestamp="20200620 08:26:21.736" level="INFO">Typing text 'nam190343nam' into text field 'pass'.</msg>
<status status="PASS" starttime="20200620 08:26:21.735" endtime="20200620 08:26:21.894"></status>
</kw>
<kw name="Click Element" library="SeleniumLibrary">
<doc>Click the element identified by ``locator``.</doc>
<arguments>
<arg>xpath://*[@id="u_0_c"]</arg>
</arguments>
<msg timestamp="20200620 08:26:21.895" level="INFO">Clicking element 'xpath://*[@id="u_0_c"]'.</msg>
<status status="PASS" starttime="20200620 08:26:21.895" endtime="20200620 08:26:21.990"></status>
</kw>
<kw name="Sleep" library="BuiltIn">
<doc>Pauses the test executed for the given time.</doc>
<arguments>
<arg>10</arg>
<arg>second</arg>
</arguments>
<msg timestamp="20200620 08:26:31.991" level="INFO">Slept 10 seconds</msg>
<msg timestamp="20200620 08:26:31.991" level="INFO">second</msg>
<status status="PASS" starttime="20200620 08:26:21.990" endtime="20200620 08:26:31.991"></status>
</kw>
<kw name="Close Browser" library="SeleniumLibrary">
<doc>Closes the current browser.</doc>
<status status="PASS" starttime="20200620 08:26:31.991" endtime="20200620 08:26:32.065"></status>
</kw>
<status status="PASS" starttime="20200620 08:26:20.977" endtime="20200620 08:26:32.065" critical="yes"></status>
</test>
<status status="PASS" starttime="20200620 08:26:14.148" endtime="20200620 08:26:32.066"></status>
</suite>
<status status="PASS" starttime="20200620 08:26:14.131" endtime="20200620 08:26:32.070"></status>
</suite>
<statistics>
<total>
<stat pass="5" fail="0">Critical Tests</stat>
<stat pass="5" fail="0">All Tests</stat>
</total>
<tag>
</tag>
<suite>
<stat pass="5" fail="0" id="s1" name="Suites">Suites</stat>
<stat pass="5" fail="0" id="s1-s1" name="loginFaceBook">Suites.loginFaceBook</stat>
</suite>
</statistics>
<errors>
</errors>
</robot>
