<?xml version="1.0" encoding="UTF-8"?>
<robot generator="Robot 3.2.1 (Python 3.8.2 on linux)" generated="20200620 08:26:14.114" rpa="false">
<suite id="s1" name="Suites">
<suite id="s1-s1" name="loginPantip" source="/home/inclub9/Documents/test/loginPantip.robot">
<test id="s1-s1-t1" name="open browser">
<kw name="Open Browser" library="SeleniumLibrary">
<doc>Opens a new browser instance to the optional ``url``.</doc>
<arguments>
<arg>https://pantip.com/profile/5971421#topics</arg>
<arg>chrome</arg>
</arguments>
<msg timestamp="20200620 08:26:14.289" level="INFO">Opening browser 'chrome' to base url 'https://pantip.com/profile/5971421#topics'.</msg>
<status status="PASS" starttime="20200620 08:26:14.288" endtime="20200620 08:26:19.646"></status>
</kw>
<status status="PASS" starttime="20200620 08:26:14.288" endtime="20200620 08:26:19.647" critical="yes"></status>
</test>
<test id="s1-s1-t2" name="Maximize Browser Window">
<kw name="Maximize Browser Window" library="SeleniumLibrary">
<doc>Maximizes current browser window.</doc>
<status status="PASS" starttime="20200620 08:26:19.650" endtime="20200620 08:26:19.754"></status>
</kw>
<status status="PASS" starttime="20200620 08:26:19.648" endtime="20200620 08:26:19.754" critical="yes"></status>
</test>
<test id="s1-s1-t3" name="visit in facebook.com page">
<kw name="Click Element" library="SeleniumLibrary">
<doc>Click the element identified by ``locator``.</doc>
<arguments>
<arg>xpath://*[@id="pt-log-out"]/a[2]/li</arg>
</arguments>
<msg timestamp="20200620 08:26:19.756" level="INFO">Clicking element 'xpath://*[@id="pt-log-out"]/a[2]/li'.</msg>
<status status="PASS" starttime="20200620 08:26:19.756" endtime="20200620 08:26:21.153"></status>
</kw>
<kw name="Input Text" library="SeleniumLibrary">
<doc>Types the given ``text`` into the text field identified by ``locator``.</doc>
<arguments>
<arg>member_email</arg>
<arg>dfguhkjhkj</arg>
</arguments>
<msg timestamp="20200620 08:26:21.154" level="INFO">Typing text 'dfguhkjhkj' into text field 'member_email'.</msg>
<status status="PASS" starttime="20200620 08:26:21.153" endtime="20200620 08:26:21.263"></status>
</kw>
<kw name="Input Text" library="SeleniumLibrary">
<doc>Types the given ``text`` into the text field identified by ``locator``.</doc>
<arguments>
<arg>member_password</arg>
<arg>252kltyughj</arg>
</arguments>
<msg timestamp="20200620 08:26:21.264" level="INFO">Typing text '252kltyughj' into text field 'member_password'.</msg>
<status status="PASS" starttime="20200620 08:26:21.263" endtime="20200620 08:26:21.361"></status>
</kw>
<kw name="Click Element" library="SeleniumLibrary">
<doc>Click the element identified by ``locator``.</doc>
<arguments>
<arg>xpath://*[@id="user_login"]/span</arg>
</arguments>
<msg timestamp="20200620 08:26:21.362" level="INFO">Clicking element 'xpath://*[@id="user_login"]/span'.</msg>
<status status="PASS" starttime="20200620 08:26:21.361" endtime="20200620 08:26:22.262"></status>
</kw>
<status status="PASS" starttime="20200620 08:26:19.755" endtime="20200620 08:26:22.262" critical="yes"></status>
</test>
<status status="PASS" starttime="20200620 08:26:14.133" endtime="20200620 08:26:22.264"></status>
</suite>
<status status="PASS" starttime="20200620 08:26:14.116" endtime="20200620 08:26:22.270"></status>
</suite>
<statistics>
<total>
<stat pass="3" fail="0">Critical Tests</stat>
<stat pass="3" fail="0">All Tests</stat>
</total>
<tag>
</tag>
<suite>
<stat pass="3" fail="0" id="s1" name="Suites">Suites</stat>
<stat pass="3" fail="0" id="s1-s1" name="loginPantip">Suites.loginPantip</stat>
</suite>
</statistics>
<errors>
</errors>
</robot>
